[www.sfhscodehack.com/index.html]
[static.wixstatic.com/media/a31f08_c8d081d58fa34f539809c6f74ccddbde_mv2.jpg/v1/fill/w_192,h_192,lg_1,usm_0.66_1.00_0.01/a31f08_c8d081d58fa34f539809c6f74ccddbde_mv2.jpg]
[static.wixstatic.com/media/a31f08_c8d081d58fa34f539809c6f74ccddbde_mv2.jpg/v1/fill/w_32,h_32,lg_1,usm_0.66_1.00_0.01/a31f08_c8d081d58fa34f539809c6f74ccddbde_mv2.jpg]
[static.wixstatic.com/media/a31f08_c8d081d58fa34f539809c6f74ccddbde_mv2.jpg/v1/fill/w_180,h_180,lg_1,usm_0.66_1.00_0.01/a31f08_c8d081d58fa34f539809c6f74ccddbde_mv2.jpg]
[static.parastorage.com/unpkg/core-js-bundle@3.2.1/minified.js]
[static.parastorage.com/unpkg/focus-within-polyfill@5.0.9/dist/focus-within-polyfill.js]
[backblue.gif]
[fade.gif]
[index.html]
[polyfill-fastly.io/v3/polyfill.mind82c.js]
[www.sfhscodehack.com/c.6.delayed]
[www.sfhscodehack.com/t.7.delayed]
[www.sfhscodehack.com/aboutus.html]
[www.sfhscodehack.com/ourteam.html]
[www.sfhscodehack.com/events.html]
[www.sfhscodehack.com/registration.html]
[www.sfhscodehack.com/terms-and-coniditions.html]
[static.wixstatic.com/media/a31f08_c8d081d58fa34f539809c6f74ccddbde_mv2.jpg/v1/fill/w_162,h_162,al_c,q_80,usm_0.66_1.00_0.01,blur_2,enc_auto/codehack logo.jpg]
[www.sfhscodehack.com/contactus.html]
[static.wixstatic.com/media/a31f08_628fac0bc30c4ccc90be86076fb20b55f000.jpg/v1/fill/w_160,h_90,al_c,q_80,usm_0.66_1.00_0.01,blur_3,enc_auto/a31f08_628fac0bc30c4ccc90be86076fb20b55f000.jpg]
[static.wixstatic.com/media/ad072d_0700980080c44658888e6c6ad1985123_mv2.png/v1/crop/x_0,y_75,w_522,h_328/fill/w_52,h_33,al_c,q_85,usm_0.66_1.00_0.01,blur_2,e/hackcode-removebg-preview.10.del]
[static.wixstatic.com/media/a31f08_74dfe6ec953c4c0895acb1aa36065007_mv2.jpg/v1/fill/w_149,h_187,al_c,q_80,usm_0.66_1.00_0.01,blur_2/WhatsApp Image 2024-08-07 at 19_27_35_06213a55.jpg]
[static.wixstatic.com/media/a31f08_3de0dcee687a46ffbd0f3bf3bba223aa_mv2.jpg/v1/fill/w_149,h_183,al_c,q_80,usm_0.66_1.00_0.01,blur_2/WhatsApp Image 2024-08-08 at 14_15_08_d81a48aa.jpg]
[static.wixstatic.com/media/cdf76d_0ba2db4d85984fe5b5d36856b8ab0e09_mv2.jpg/v1/crop/x_0,y_110,w_2839,h_2668/fill/w_147,h_138,al_c,q_80,usm_0.66_1.00_0.01,blur_2,enc_auto/OIP_edited.jpg]
[browser.sentry-cdn.com/6.18.2/bundle.min.js]
[www.sfhscodehack.com/sitemap.xml]
[www.sfhscodehack.com/feed.16.delayed]
[www.sfhscodehack.com/${i.17.delayed]
[static.parastorage.com/services/wix-thunderbolt/dist/thunderbolt-commons.e7839053.bundle.min.js]
[static.parastorage.com/services/wix-thunderbolt/dist/main.760485a2.bundle.min.js]
[static.parastorage.com/services/wix-thunderbolt/dist/main.renderer.1d21f023.bundle.min.js]
[static.parastorage.com/unpkg/lodash@4.17.21/lodash.min.js]
[static.parastorage.com/unpkg/react@18.3.1/umd/react.production.min.js]
[static.parastorage.com/unpkg/react-dom@18.3.1/umd/react-dom.production.min.js]
[www.sfhscodehack.com/decodeURIComponent(e.1e.delayed]
[static.parastorage.com/services/tag-manager-client/1.875.0/siteTags.bundle.min.js]
[www.sfhscodehack.com/index.html]
[www.sfhscodehack.com/c.html]
[www.sfhscodehack.com/t.html]
[static.wixstatic.com/media/a31f08_faac0da209a347c7a85498efc63a3440_mv2.jpg/v1/fill/w_160,h_90,al_c,q_80,usm_0.66_1.00_0.01,blur_3,enc_auto/a31f08_faac0da209a347c7a85498efc63a3440_mv2.jpg]
[www.sfhscodehack.com/aboutus.html]
[static.wixstatic.com/media/a31f08_2d7de7013b4e4b08af00975bba3d21c9_mv2.jpg/v1/fill/w_160,h_90,al_c,q_80,usm_0.66_1.00_0.01,blur_3,enc_auto/a31f08_2d7de7013b4e4b08af00975bba3d21c9_mv2.jpg]
[static.wixstatic.com/media/a31f08_913a8fc0e9cd43f39a445ccd666fbfd2_mv2.jpg/v1/fill/w_154,h_230,al_c,q_80,usm_0.66_1.00_0.01,blur_2/WhatsApp Image 2024-08-08 at 11_41_11_f8684f35.jpg]
[static.wixstatic.com/media/a31f08_8a2bf2f05e86478f952de18db037559b_mv2.jpg/v1/crop/x_13,y_220,w_840,h_840/fill/w_154,h_154,al_c,q_80,usm_0.66_1.00_0.01,blur_2/WhatsApp Image 2024-08-08 at 1]
[static.wixstatic.com/media/a31f08_a1e1d248fca64d2297783c84fc836bb1_mv2.jpg/v1/crop/x_91,y_241,w_639,h_639/fill/w_154,h_154,al_c,q_80,usm_0.66_1.00_0.01,blur_2/WhatsApp Image 2024-08-08 at 1]
[static.wixstatic.com/media/a31f08_2ae15a3d67604682a7874c2009264df4_mv2.jpg/v1/crop/x_628,y_1831,w_1945,h_1945/fill/w_147,h_147,al_c,q_80,usm_0.66_1.00_0.01,blur_2/IMG_2702[1]_JPG.jpg]
[static.wixstatic.com/media/ad072d_255e151ea68e4fafa50a6811325dee29_mv2.jpg/v1/crop/x_746,y_1186,w_1964,h_1964/fill/w_147,h_147,al_c,q_80,usm_0.66_1.00_0.01,blur_2/IMG_2552 (1)_JPG.25.delaye]
[static.wixstatic.com/media/5df12d_cd790bc29e594309b9a73e28c7c96869_mv2.jpg/v1/crop/x_742,y_1562,w_1935,h_1935/fill/w_147,h_147,al_c,q_80,usm_0.66_1.00_0.01,blur_2/IMG_2681 (1)_JPG.26.delaye]
[static.wixstatic.com/media/5df12d_883f2119120444379a885901e276956d_mv2.jpg/v1/crop/x_563,y_1571,w_2329,h_2329/fill/w_147,h_147,al_c,q_80,usm_0.66_1.00_0.01,blur_2/IMG_2701 (1)_JPG.28.delaye]
[static.wixstatic.com/media/a31f08_0e4bd4c57eb045b5b33eb34aab93ce58_mv2.jpg/v1/crop/x_43,y_298,w_741,h_741/fill/w_154,h_154,al_c,q_80,usm_0.66_1.00_0.01,blur_2/WhatsApp Image 2024-08-08 at 1]
[static.wixstatic.com/media/5df12d_673524b9a90244b6b0512c0fbf27dbde_mv2.jpg/v1/crop/x_192,y_1189,w_2780,h_2780/fill/w_147,h_147,al_c,q_80,usm_0.66_1.00_0.01,blur_2,enc_auto/IMG_2561_JPG.jpg]
[static.wixstatic.com/media/a31f08_1dc8b73ad1414d629804bcecbb385064_mv2.jpg/v1/crop/x_510,y_881,w_2289,h_2289/fill/w_147,h_147,al_c,q_80,usm_0.66_1.00_0.01,blur_2/IMG_2564_(1)[1]_JPG.2a.dela]
[static.wixstatic.com/media/5df12d_ad934357607546f989d1908fe4f2c453_mv2.jpg/v1/crop/x_422,y_1412,w_2393,h_2393/fill/w_147,h_147,al_c,q_80,usm_0.66_1.00_0.01,blur_2,enc_auto/IMG_2558_JPG.jpg]
[static.wixstatic.com/media/5df12d_f4070ccd094d4a84b8b8db5d7b83068c_mv2.jpg/v1/crop/x_413,y_1398,w_2343,h_2343/fill/w_147,h_147,al_c,q_80,usm_0.66_1.00_0.01,blur_2,enc_auto/IMG_2546_JPG.jpg]
[static.wixstatic.com/media/a31f08_3542e707de2f4048b112cd791a9a2b3f_mv2.jpg/v1/crop/x_109,y_305,w_625,h_625/fill/w_154,h_154,al_c,q_80,usm_0.66_1.00_0.01,blur_2/WhatsApp Image 2024-08-08 at]
[static.wixstatic.com/media/5df12d_6546baba22064c309de899caa9ddaf83_mv2.jpg/v1/crop/x_438,y_1146,w_2580,h_2580/fill/w_147,h_147,al_c,q_80,usm_0.66_1.00_0.01,blur_2/IMG_2690 (1)_JPG.2e.delaye]
[static.wixstatic.com/media/5df12d_df474f5bc1ba46b8add40c405286960a_mv2.jpg/v1/crop/x_894,y_1612,w_1510,h_1510/fill/w_147,h_147,al_c,q_80,usm_0.66_1.00_0.01,blur_2,enc_auto/IMG_2677_JPG.jpg]
[static.wixstatic.com/media/a31f08_3a3ad046727b4b919dd581b8ad341533_mv2.jpg/v1/fill/w_154,h_230,al_c,q_80,usm_0.66_1.00_0.01,blur_2/WhatsApp Image 2024-08-08 at 11_41_09_1fbf0e85.jpg]
[static.wixstatic.com/media/5df12d_73ef0d9548064a2fa7bce01b8ddf5693_mv2.jpg/v1/fill/w_147,h_221,al_c,q_80,usm_0.66_1.00_0.01,blur_2,enc_auto/IMG_2659_JPG.jpg]
[static.wixstatic.com/media/5df12d_d1358aafb3354b3b81ed170a1661ab5b_mv2.jpg/v1/fill/w_147,h_221,al_c,q_80,usm_0.66_1.00_0.01,blur_2,enc_auto/IMG_2527_JPG.jpg]
[static.wixstatic.com/media/a31f08_8a8d2993fd3f45e0ba842acd935b3c30_mv2.jpg/v1/fill/w_147,h_221,al_c,q_80,usm_0.66_1.00_0.01,blur_2,enc_auto/IMG_2608[1]_JPG.jpg]
[static.wixstatic.com/media/a31f08_7dd898375772449fb8182179af0e7617_mv2.jpg/v1/fill/w_147,h_221,al_c,q_80,usm_0.66_1.00_0.01,blur_2,enc_auto/IMG_2646[1]_JPG.jpg]
[static.wixstatic.com/media/a31f08_6ba68e176763407b996b4798a4172afa_mv2.jpg/v1/fill/w_154,h_230,al_c,q_80,usm_0.66_1.00_0.01,blur_2/WhatsApp Image 2024-08-08 at 11_41_09_0c58e1c9.jpg]
[static.wixstatic.com/media/a31f08_b7cea8e49dbd44559d13c4b051c75889_mv2.jpg/v1/fill/w_154,h_230,al_c,q_80,usm_0.66_1.00_0.01,blur_2/WhatsApp Image 2024-08-08 at 11_41_11_a6e246ce.jpg]
[static.wixstatic.com/media/ad072d_1fdd6359f1274d8b98002b067973c1dd_mv2.jpg/v1/fill/w_154,h_230,al_c,q_80,usm_0.66_1.00_0.01,blur_2,enc_auto/agam.jpg]
[static.wixstatic.com/media/ad072d_0837165c845f4e28b87f1abd41976559_mv2.jpg/v1/fill/w_162,h_288,al_c,q_80,usm_0.66_1.00_0.01,blur_2,enc_auto/ibadat.jpg]
[static.wixstatic.com/media/5df12d_dcb5fe721def4632a3eb191b47f128a3_mv2.jpg/v1/fill/w_147,h_221,al_c,q_80,usm_0.66_1.00_0.01,blur_2,enc_auto/IMG_2652_JPG.jpg]
[static.wixstatic.com/media/5df12d_bf04cbf7bc0e43a3af0d9c20bd4c4f97_mv2.jpg/v1/fill/w_147,h_221,al_c,q_80,usm_0.66_1.00_0.01,blur_2,enc_auto/IMG_2658_JPG.jpg]
[static.wixstatic.com/media/a31f08_3cd265141d334fa4a8044ffce9cd263a_mv2.jpg/v1/crop/x_286,y_1401,w_2491,h_2491/fill/w_147,h_147,al_c,q_80,usm_0.66_1.00_0.01,blur_2/IMG_2670[1]_JPG.jpg]
[static.wixstatic.com/media/a31f08_118d133a3d5f44e38cf3b040f86420bd_mv2.jpg/v1/crop/x_50,y_235,w_738,h_738/fill/w_154,h_154,al_c,q_80,usm_0.66_1.00_0.01,blur_2/WhatsApp Image 2024-08-08 at 1]
[static.wixstatic.com/media/5df12d_78af163067114207aa1e018314af1a55_mv2.jpg/v1/crop/x_160,y_1129,w_2979,h_2979/fill/w_147,h_147,al_c,q_80,usm_0.66_1.00_0.01,blur_2,enc_auto/IMG_2635_JPG.jpg]
[static.wixstatic.com/media/a31f08_bbc0d164bd984b31a073e82c0b8d04b1_mv2.jpg/v1/crop/x_421,y_1129,w_2483,h_2483/fill/w_147,h_147,al_c,q_80,usm_0.66_1.00_0.01,blur_2/IMG_2666[1]_JPG.jpg]
[www.sfhscodehack.com/ourteam.html]
[www.sfhscodehack.com/innovationchallenge.html]
[static.wixstatic.com/media/ad072d_eac9940df00248dc80edd787bcf9b935_mv2.jpg/v1/fill/w_147,h_83,al_c,q_80,usm_0.66_1.00_0.01,blur_2,enc_auto/innovation (1).jpg]
[static.wixstatic.com/media/a31f08_de478fe2eaa244228738bfe3593189a9_mv2.jpg/v1/fill/w_147,h_98,al_c,q_80,usm_0.66_1.00_0.01,blur_2,enc_auto/best-coding-language-for-games_edited.jpg]
[www.sfhscodehack.com/highschoolevent.html]
[www.sfhscodehack.com/middleschoolevents.html]
[static.wixstatic.com/media/ad072d_14cdf4e4533549b5901a87ad0c2a8714_mv2.jpeg/v1/fill/w_147,h_98,al_c,q_80,usm_0.66_1.00_0.01,blur_2,enc_auto/indise_Nero AI_Cartoon.jpg]
[www.sfhscodehack.com/events.html]
[static.wixstatic.com/media/a31f08_0de3e03f773a4e488d2c75403e634903f000.jpg/v1/fill/w_160,h_90,al_c,q_80,usm_0.66_1.00_0.01,blur_3,enc_auto/a31f08_0de3e03f773a4e488d2c75403e634903f000.jpg]
[www.sfhscodehack.com/registration.html]
[www.sfhscodehack.com/terms-and-coniditions.html]
[static.parastorage.com/services/form-app/1.1304.0/client-viewer/form-app-text-area.chunk.min.js]
[www.sfhscodehack.com/contactus.html]
[www.sfhscodehack.com/feed.html]
[www.sfhscodehack.com/${i.html]
[www.sfhscodehack.com/decodeURIComponent(e.html]
[static.parastorage.com/services/form-app/1.1304.0/FormViewerWidgetNoCss.bundle.min.js]
[static.wixstatic.com/media/ad072d_eac9940df00248dc80edd787bcf9b935_mv2.jpg/v1/fill/w_100,h_56,al_c,q_80,usm_0.66_1.00_0.01,blur_3,enc_auto/ad072d_eac9940df00248dc80edd787bcf9b935_mv2.jpg]
[www.sfhscodehack.com/innovationchallenge.html]
[static.wixstatic.com/media/cdf76d_1e5955d9c747473488fbf740bc40798e_mv2.jpg/v1/fill/w_147,h_110,al_c,q_80,usm_0.66_1.00_0.01,blur_2/ott-platforms-netflix-amazon-prime-video-hoichoi-alt-balaj]
[www.sfhscodehack.com/mediaquiz.html]
[static.wixstatic.com/media/a31f08_53dfc2cec5fe4ae38edb47d0aafcbf31_mv2.jpg/v1/fill/w_162,h_108,al_c,q_80,usm_0.66_1.00_0.01,blur_2,enc_auto/billboard.jpg]
[static.wixstatic.com/media/nsplsh_9c7cac5bcc4146fdb0b7685ebfa84b8d_mv2.jpg/v1/fill/w_147,h_98,al_c,q_80,usm_0.66_1.00_0.01,blur_2,enc_auto/Image by Ilya Pavlov.jpg]
[www.sfhscodehack.com/advertisementcampaign.html]
[www.sfhscodehack.com/speedcode.html]
[static.wixstatic.com/media/nsplsh_c6f6d3a084cf4018a1c4f6445dec1fb1_mv2.jpg/v1/fill/w_147,h_98,al_c,q_80,usm_0.66_1.00_0.01,blur_2,enc_auto/Image by Maxim Hopman.jpg]
[static.wixstatic.com/media/cdf76d_4b3442c954984e95bbdd3a5f9575a703_mv2.jpg/v1/fill/w_162,h_112,al_c,q_80,usm_0.66_1.00_0.01,blur_2/Nehru-Academy-Of-Law-is-organizing-first-National-level-Vi]
[www.sfhscodehack.com/mockstock.html]
[www.sfhscodehack.com/mootcourt.html]
[static.wixstatic.com/media/nsplsh_6e416a696c317a33654c6b_mv2_d_6000_4000_s_4_2.jpg/v1/fill/w_147,h_98,al_c,q_80,usm_0.66_1.00_0.01,blur_2,enc_auto/Image by Felix Mittermeier.jpg]
[www.sfhscodehack.com/highschoolevent.html]
[www.sfhscodehack.com/chess.html]
[static.wixstatic.com/media/cdf76d_01e2d06756ba40c18736a487902b1836_mv2.jpg/v1/crop/x_85,y_0,w_582,h_736/fill/w_105,h_132,al_c,q_80,usm_0.66_1.00_0.01,blur_2,enc_auto/insideout1.jpg]
[www.sfhscodehack.com/insideout.html]
[www.sfhscodehack.com/scratch.html]
[static.wixstatic.com/media/a31f08_4c4da9129f694c17a4b7b2680c4f648c_mv2.jpg/v1/crop/x_341,y_0,w_396,h_500/fill/w_59,h_75,al_c,q_80,usm_0.66_1.00_0.01,blur_2,e/WhatsApp Image 2024-07-18 at 18]
[www.sfhscodehack.com/techtrivia.html]
[www.sfhscodehack.com/middleschoolevents.html]
[static.wixstatic.com/media/cdf76d_9e45d10ce99d433aa07b3f421c334264_mv2.jpg/v1/crop/x_68,y_0,w_504,h_637/fill/w_91,h_115,al_c,q_80,usm_0.66_1.00_0.01,blur_2,/index-bestanimated-1658187303.5b]
[www.sfhscodehack.com/animationchallenge.html]
[static.wixstatic.com/media/a31f08_5f07c34570364360ae7570cc90dc9d76_mv2.jpg/v1/fill/w_147,h_77,al_c,q_80,usm_0.66_1.00_0.01,blur_2,enc_auto/62264-posts_edited.jpg]
[www.sfhscodehack.com/mediaquiz.html]
[static.wixstatic.com/media/ad072d_20a322b0a20d4bcdb4572b553b16a290_mv2.jpg/v1/fill/w_100,h_75,al_c,q_80,usm_0.66_1.00_0.01,blur_3,enc_auto/ad072d_20a322b0a20d4bcdb4572b553b16a290_mv2.jpg]
[www.sfhscodehack.com/advertisementcampaign.html]
[static.wixstatic.com/media/ad072d_1f2d9eb216e14fe294103d855b682c06_mv2.jpg/v1/fill/w_147,h_83,al_c,q_80,usm_0.66_1.00_0.01,blur_2,enc_auto/realreal.jpg]
[www.sfhscodehack.com/speedcode.html]
[static.wixstatic.com/media/ad072d_812aa5fcb0e9410bbd7fe12cec7c368e_mv2.jpeg/v1/fill/w_100,h_56,al_c,q_80,usm_0.66_1.00_0.01,blur_3,enc_auto/ad072d_812aa5fcb0e9410bbd7fe12cec7c368e_mv2.jpg]
[www.sfhscodehack.com/mockstock.html]
[static.wixstatic.com/media/a31f08_5ab7bfae29314aab9f0f656b2344546a_mv2.jpg/v1/fill/w_100,h_66,al_c,q_80,usm_0.66_1.00_0.01,blur_3,enc_auto/a31f08_5ab7bfae29314aab9f0f656b2344546a_mv2.jpg]
[www.sfhscodehack.com/mootcourt.html]
[static.wixstatic.com/media/ad072d_9fa66c172ad14ddd8a1620b1e2dc2a42_mv2.jpg/v1/fill/w_147,h_110,al_c,q_80,usm_0.66_1.00_0.01,blur_2,enc_auto/chess.jpg]
[www.sfhscodehack.com/chess.html]
[www.sfhscodehack.com/insideout.html]
[static.wixstatic.com/media/ad072d_358c1a59c3d14cb4a4b8e46ef8accb04_mv2.jpg/v1/fill/w_135,h_90,al_c,q_80,usm_0.66_1.00_0.01,blur_3,enc_auto/ad072d_358c1a59c3d14cb4a4b8e46ef8accb04_mv2.jpg]
[www.sfhscodehack.com/scratch.html]
[static.wixstatic.com/media/a31f08_5edbb9a983bc404f959aa3683de8791f_mv2.jpg/v1/fill/w_139,h_90,al_c,q_80,usm_0.66_1.00_0.01,blur_3,enc_auto/a31f08_5edbb9a983bc404f959aa3683de8791f_mv2.jpg]
[www.sfhscodehack.com/techtrivia.html]
[static.wixstatic.com/media/ad072d_f03a23334d7a4fefb528ecdef069a87e_mv2.jpg/v1/fill/w_100,h_55,al_c,q_80,usm_0.66_1.00_0.01,blur_3,enc_auto/ad072d_f03a23334d7a4fefb528ecdef069a87e_mv2.jpg]
[www.sfhscodehack.com/animationchallenge.html]
